{"contracts/IShadowChat.sol":{"l":{},"path":"/workspaces/contract/contracts/IShadowChat.sol","s":{},"b":{},"f":{},"fnMap":{},"statementMap":{},"branchMap":{}},"contracts/IShadowChatRegistry.sol":{"l":{},"path":"/workspaces/contract/contracts/IShadowChatRegistry.sol","s":{},"b":{},"f":{},"fnMap":{},"statementMap":{},"branchMap":{}},"contracts/ShadowChat.sol":{"l":{"43":63,"44":62,"46":61,"47":61,"55":23,"56":22,"58":21,"59":21,"61":21,"73":12,"74":11,"76":10,"77":10,"79":9,"80":9,"82":9,"96":6,"97":6,"98":6,"99":6,"101":5,"113":5,"114":5,"115":4,"116":4,"117":3,"119":2,"120":2,"123":2,"124":2,"126":2,"135":6,"148":1,"156":4,"158":4,"159":4,"161":4,"169":4,"171":4,"172":4,"174":4,"181":7,"188":4,"196":0,"198":0,"200":0,"203":0,"205":0,"207":0,"208":0,"222":5,"230":0,"231":0},"path":"/workspaces/contract/contracts/ShadowChat.sol","s":{"1":63,"2":62,"3":23,"4":22,"5":21,"6":12,"7":11,"8":10,"9":10,"10":9,"11":6,"12":6,"13":6,"14":6,"15":5,"16":5,"17":4,"18":4,"19":3,"20":2,"21":2,"22":2,"23":2,"24":6,"25":1,"26":4,"27":4,"28":4,"29":4,"30":4,"31":4,"32":7,"33":4,"34":0,"35":0,"36":0,"37":0,"38":0,"39":0,"40":0,"41":5,"42":0,"43":0},"b":{"1":[62,1],"2":[61,1],"3":[25,0],"4":[23,2],"5":[22,1],"6":[21,1],"7":[12,0],"8":[12,0],"9":[11,1],"10":[10,1],"11":[9,1],"12":[6,0],"13":[6,0],"14":[6,0],"15":[6,0],"16":[5,1],"17":[5,0],"18":[5,0],"19":[5,0],"20":[4,1],"21":[4,0],"22":[3,1],"23":[2,1],"24":[2,0],"25":[4,1],"26":[4,0],"27":[4,0],"28":[4,0],"29":[7,0],"30":[4,0],"31":[0,0],"32":[0,0],"33":[0,0],"34":[0,0],"35":[0,0],"36":[0,0],"37":[0,0]},"f":{"1":63,"2":23,"3":12,"4":6,"5":5,"6":6,"7":1,"8":4,"9":4,"10":7,"11":4,"12":0,"13":5,"14":0},"fnMap":{"1":{"name":"constructor","line":42,"loc":{"start":{"line":39,"column":4},"end":{"line":48,"column":4}}},"2":{"name":"depositCredit","line":54,"loc":{"start":{"line":54,"column":4},"end":{"line":62,"column":4}}},"3":{"name":"sendMessage","line":72,"loc":{"start":{"line":69,"column":4},"end":{"line":83,"column":4}}},"4":{"name":"authorizeWithdrawal","line":95,"loc":{"start":{"line":91,"column":4},"end":{"line":102,"column":4}}},"5":{"name":"withdrawCredit","line":112,"loc":{"start":{"line":109,"column":4},"end":{"line":127,"column":4}}},"6":{"name":"getCreditBalance","line":134,"loc":{"start":{"line":134,"column":4},"end":{"line":136,"column":4}}},"7":{"name":"isAuthorizedWithdrawer","line":144,"loc":{"start":{"line":144,"column":4},"end":{"line":149,"column":4}}},"8":{"name":"updateMessageFee","line":155,"loc":{"start":{"line":155,"column":4},"end":{"line":162,"column":4}}},"9":{"name":"updateWithdrawalFee","line":168,"loc":{"start":{"line":168,"column":4},"end":{"line":175,"column":4}}},"10":{"name":"pause","line":180,"loc":{"start":{"line":180,"column":4},"end":{"line":182,"column":4}}},"11":{"name":"unpause","line":187,"loc":{"start":{"line":187,"column":4},"end":{"line":189,"column":4}}},"12":{"name":"withdrawFees","line":195,"loc":{"start":{"line":195,"column":4},"end":{"line":209,"column":4}}},"13":{"name":"getStats","line":217,"loc":{"start":{"line":217,"column":4},"end":{"line":223,"column":4}}},"14":{"name":"emergencyWithdraw","line":229,"loc":{"start":{"line":229,"column":4},"end":{"line":232,"column":4}}}},"statementMap":{"1":{"start":{"line":43,"column":8},"end":{"line":43,"column":103}},"2":{"start":{"line":44,"column":8},"end":{"line":44,"column":118}},"3":{"start":{"line":55,"column":8},"end":{"line":55,"column":54}},"4":{"start":{"line":56,"column":8},"end":{"line":56,"column":67}},"5":{"start":{"line":61,"column":8},"end":{"line":61,"column":82}},"6":{"start":{"line":73,"column":8},"end":{"line":73,"column":67}},"7":{"start":{"line":74,"column":8},"end":{"line":74,"column":98}},"8":{"start":{"line":76,"column":8},"end":{"line":76,"column":100}},"9":{"start":{"line":77,"column":8},"end":{"line":77,"column":87}},"10":{"start":{"line":82,"column":8},"end":{"line":82,"column":100}},"11":{"start":{"line":96,"column":8},"end":{"line":96,"column":67}},"12":{"start":{"line":97,"column":8},"end":{"line":97,"column":70}},"13":{"start":{"line":98,"column":8},"end":{"line":98,"column":91}},"14":{"start":{"line":99,"column":8},"end":{"line":99,"column":103}},"15":{"start":{"line":113,"column":8},"end":{"line":113,"column":67}},"16":{"start":{"line":114,"column":8},"end":{"line":114,"column":94}},"17":{"start":{"line":115,"column":8},"end":{"line":115,"column":59}},"18":{"start":{"line":116,"column":8},"end":{"line":116,"column":77}},"19":{"start":{"line":117,"column":8},"end":{"line":117,"column":84}},"20":{"start":{"line":119,"column":8},"end":{"line":119,"column":50}},"21":{"start":{"line":123,"column":8},"end":{"line":123,"column":73}},"22":{"start":{"line":124,"column":8},"end":{"line":124,"column":42}},"23":{"start":{"line":126,"column":8},"end":{"line":126,"column":94}},"24":{"start":{"line":135,"column":8},"end":{"line":135,"column":42}},"25":{"start":{"line":148,"column":8},"end":{"line":148,"column":63}},"26":{"start":{"line":156,"column":8},"end":{"line":156,"column":93}},"27":{"start":{"line":158,"column":8},"end":{"line":158,"column":35}},"28":{"start":{"line":161,"column":8},"end":{"line":161,"column":46}},"29":{"start":{"line":169,"column":8},"end":{"line":169,"column":102}},"30":{"start":{"line":171,"column":8},"end":{"line":171,"column":38}},"31":{"start":{"line":174,"column":8},"end":{"line":174,"column":49}},"32":{"start":{"line":181,"column":8},"end":{"line":181,"column":15}},"33":{"start":{"line":188,"column":8},"end":{"line":188,"column":17}},"34":{"start":{"line":196,"column":8},"end":{"line":196,"column":61}},"35":{"start":{"line":198,"column":8},"end":{"line":198,"column":47}},"36":{"start":{"line":200,"column":8},"end":{"line":200,"column":60}},"37":{"start":{"line":203,"column":8},"end":{"line":203,"column":69}},"38":{"start":{"line":205,"column":8},"end":{"line":205,"column":63}},"39":{"start":{"line":207,"column":8},"end":{"line":207,"column":61}},"40":{"start":{"line":208,"column":8},"end":{"line":208,"column":48}},"41":{"start":{"line":222,"column":8},"end":{"line":222,"column":76}},"42":{"start":{"line":230,"column":8},"end":{"line":230,"column":82}},"43":{"start":{"line":231,"column":8},"end":{"line":231,"column":54}}},"branchMap":{"1":{"line":43,"type":"if","locations":[{"start":{"line":43,"column":8},"end":{"line":43,"column":8}},{"start":{"line":43,"column":8},"end":{"line":43,"column":8}}]},"2":{"line":44,"type":"if","locations":[{"start":{"line":44,"column":8},"end":{"line":44,"column":8}},{"start":{"line":44,"column":8},"end":{"line":44,"column":8}}]},"3":{"line":54,"type":"if","locations":[{"start":{"line":54,"column":66},"end":{"line":54,"column":66}},{"start":{"line":54,"column":66},"end":{"line":54,"column":66}}]},"4":{"line":54,"type":"if","locations":[{"start":{"line":54,"column":79},"end":{"line":54,"column":79}},{"start":{"line":54,"column":79},"end":{"line":54,"column":79}}]},"5":{"line":55,"type":"if","locations":[{"start":{"line":55,"column":8},"end":{"line":55,"column":8}},{"start":{"line":55,"column":8},"end":{"line":55,"column":8}}]},"6":{"line":56,"type":"if","locations":[{"start":{"line":56,"column":8},"end":{"line":56,"column":8}},{"start":{"line":56,"column":8},"end":{"line":56,"column":8}}]},"7":{"line":72,"type":"if","locations":[{"start":{"line":72,"column":15},"end":{"line":72,"column":15}},{"start":{"line":72,"column":15},"end":{"line":72,"column":15}}]},"8":{"line":72,"type":"if","locations":[{"start":{"line":72,"column":28},"end":{"line":72,"column":28}},{"start":{"line":72,"column":28},"end":{"line":72,"column":28}}]},"9":{"line":73,"type":"if","locations":[{"start":{"line":73,"column":8},"end":{"line":73,"column":8}},{"start":{"line":73,"column":8},"end":{"line":73,"column":8}}]},"10":{"line":74,"type":"if","locations":[{"start":{"line":74,"column":8},"end":{"line":74,"column":8}},{"start":{"line":74,"column":8},"end":{"line":74,"column":8}}]},"11":{"line":77,"type":"if","locations":[{"start":{"line":77,"column":8},"end":{"line":77,"column":8}},{"start":{"line":77,"column":8},"end":{"line":77,"column":8}}]},"12":{"line":95,"type":"if","locations":[{"start":{"line":95,"column":15},"end":{"line":95,"column":15}},{"start":{"line":95,"column":15},"end":{"line":95,"column":15}}]},"13":{"line":96,"type":"if","locations":[{"start":{"line":96,"column":8},"end":{"line":96,"column":8}},{"start":{"line":96,"column":8},"end":{"line":96,"column":8}}]},"14":{"line":97,"type":"if","locations":[{"start":{"line":97,"column":8},"end":{"line":97,"column":8}},{"start":{"line":97,"column":8},"end":{"line":97,"column":8}}]},"15":{"line":98,"type":"if","locations":[{"start":{"line":98,"column":8},"end":{"line":98,"column":8}},{"start":{"line":98,"column":8},"end":{"line":98,"column":8}}]},"16":{"line":99,"type":"if","locations":[{"start":{"line":99,"column":8},"end":{"line":99,"column":8}},{"start":{"line":99,"column":8},"end":{"line":99,"column":8}}]},"17":{"line":112,"type":"if","locations":[{"start":{"line":112,"column":15},"end":{"line":112,"column":15}},{"start":{"line":112,"column":15},"end":{"line":112,"column":15}}]},"18":{"line":112,"type":"if","locations":[{"start":{"line":112,"column":28},"end":{"line":112,"column":28}},{"start":{"line":112,"column":28},"end":{"line":112,"column":28}}]},"19":{"line":113,"type":"if","locations":[{"start":{"line":113,"column":8},"end":{"line":113,"column":8}},{"start":{"line":113,"column":8},"end":{"line":113,"column":8}}]},"20":{"line":114,"type":"if","locations":[{"start":{"line":114,"column":8},"end":{"line":114,"column":8}},{"start":{"line":114,"column":8},"end":{"line":114,"column":8}}]},"21":{"line":115,"type":"if","locations":[{"start":{"line":115,"column":8},"end":{"line":115,"column":8}},{"start":{"line":115,"column":8},"end":{"line":115,"column":8}}]},"22":{"line":116,"type":"if","locations":[{"start":{"line":116,"column":8},"end":{"line":116,"column":8}},{"start":{"line":116,"column":8},"end":{"line":116,"column":8}}]},"23":{"line":117,"type":"if","locations":[{"start":{"line":117,"column":8},"end":{"line":117,"column":8}},{"start":{"line":117,"column":8},"end":{"line":117,"column":8}}]},"24":{"line":124,"type":"if","locations":[{"start":{"line":124,"column":8},"end":{"line":124,"column":8}},{"start":{"line":124,"column":8},"end":{"line":124,"column":8}}]},"25":{"line":155,"type":"if","locations":[{"start":{"line":155,"column":55},"end":{"line":155,"column":55}},{"start":{"line":155,"column":55},"end":{"line":155,"column":55}}]},"26":{"line":156,"type":"if","locations":[{"start":{"line":156,"column":8},"end":{"line":156,"column":8}},{"start":{"line":156,"column":8},"end":{"line":156,"column":8}}]},"27":{"line":168,"type":"if","locations":[{"start":{"line":168,"column":58},"end":{"line":168,"column":58}},{"start":{"line":168,"column":58},"end":{"line":168,"column":58}}]},"28":{"line":169,"type":"if","locations":[{"start":{"line":169,"column":8},"end":{"line":169,"column":8}},{"start":{"line":169,"column":8},"end":{"line":169,"column":8}}]},"29":{"line":180,"type":"if","locations":[{"start":{"line":180,"column":30},"end":{"line":180,"column":30}},{"start":{"line":180,"column":30},"end":{"line":180,"column":30}}]},"30":{"line":187,"type":"if","locations":[{"start":{"line":187,"column":32},"end":{"line":187,"column":32}},{"start":{"line":187,"column":32},"end":{"line":187,"column":32}}]},"31":{"line":195,"type":"if","locations":[{"start":{"line":195,"column":55},"end":{"line":195,"column":55}},{"start":{"line":195,"column":55},"end":{"line":195,"column":55}}]},"32":{"line":195,"type":"if","locations":[{"start":{"line":195,"column":65},"end":{"line":195,"column":65}},{"start":{"line":195,"column":65},"end":{"line":195,"column":65}}]},"33":{"line":196,"type":"if","locations":[{"start":{"line":196,"column":8},"end":{"line":196,"column":8}},{"start":{"line":196,"column":8},"end":{"line":196,"column":8}}]},"34":{"line":203,"type":"if","locations":[{"start":{"line":203,"column":8},"end":{"line":203,"column":8}},{"start":{"line":203,"column":8},"end":{"line":203,"column":8}}]},"35":{"line":208,"type":"if","locations":[{"start":{"line":208,"column":8},"end":{"line":208,"column":8}},{"start":{"line":208,"column":8},"end":{"line":208,"column":8}}]},"36":{"line":229,"type":"if","locations":[{"start":{"line":229,"column":42},"end":{"line":229,"column":42}},{"start":{"line":229,"column":42},"end":{"line":229,"column":42}}]},"37":{"line":231,"type":"if","locations":[{"start":{"line":231,"column":8},"end":{"line":231,"column":8}},{"start":{"line":231,"column":8},"end":{"line":231,"column":8}}]}}},"contracts/ShadowChatBatch.sol":{"l":{"40":0,"41":0,"42":0,"44":0,"45":0,"48":0,"49":0,"53":0,"54":0,"57":0,"75":0,"76":0,"77":0,"79":0,"80":0,"83":0,"84":0,"85":0,"88":0,"91":0,"92":0,"95":0,"108":0,"110":0,"111":0,"113":0,"114":0,"117":0,"130":0,"131":0},"path":"/workspaces/contract/contracts/ShadowChatBatch.sol","s":{"1":0,"2":0,"3":0,"4":0,"5":0,"6":0,"7":0,"8":0,"9":0,"10":0,"11":0,"12":0,"13":0,"14":0,"15":0,"16":0,"17":0,"18":0,"19":0,"20":0,"21":0,"22":0,"23":0,"24":0,"25":0,"26":0,"27":0},"b":{"1":[0,0],"2":[0,0],"3":[0,0],"4":[0,0],"5":[0,0],"6":[0,0],"7":[0,0],"8":[0,0],"9":[0,0],"10":[0,0]},"f":{"1":0,"2":0,"3":0,"4":0},"fnMap":{"1":{"name":"sendBatchMessages","line":35,"loc":{"start":{"line":35,"column":4},"end":{"line":62,"column":4}}},"2":{"name":"batchDepositCredits","line":70,"loc":{"start":{"line":70,"column":4},"end":{"line":96,"column":4}}},"3":{"name":"getBatchBalances","line":104,"loc":{"start":{"line":104,"column":4},"end":{"line":118,"column":4}}},"4":{"name":"calculateBatchCost","line":126,"loc":{"start":{"line":126,"column":4},"end":{"line":132,"column":4}}}},"statementMap":{"1":{"start":{"line":40,"column":8},"end":{"line":40,"column":91}},"2":{"start":{"line":41,"column":8},"end":{"line":41,"column":57}},"3":{"start":{"line":42,"column":8},"end":{"line":42,"column":64}},"4":{"start":{"line":44,"column":8},"end":{"line":44,"column":63}},"5":{"start":{"line":45,"column":8},"end":{"line":45,"column":52}},"6":{"start":{"line":48,"column":8},"end":{"line":48,"column":1534}},"7":{"start":{"line":49,"column":12},"end":{"line":49,"column":106}},"8":{"start":{"line":53,"column":8},"end":{"line":53,"column":1756}},"9":{"start":{"line":54,"column":12},"end":{"line":54,"column":74}},"10":{"start":{"line":57,"column":8},"end":{"line":57,"column":1915}},"11":{"start":{"line":75,"column":8},"end":{"line":75,"column":81}},"12":{"start":{"line":76,"column":8},"end":{"line":76,"column":57}},"13":{"start":{"line":77,"column":8},"end":{"line":77,"column":64}},"14":{"start":{"line":79,"column":8},"end":{"line":79,"column":63}},"15":{"start":{"line":80,"column":8},"end":{"line":80,"column":31}},"16":{"start":{"line":83,"column":8},"end":{"line":83,"column":2857}},"17":{"start":{"line":84,"column":12},"end":{"line":84,"column":67}},"18":{"start":{"line":88,"column":8},"end":{"line":88,"column":66}},"19":{"start":{"line":91,"column":8},"end":{"line":91,"column":3158}},"20":{"start":{"line":92,"column":12},"end":{"line":92,"column":73}},"21":{"start":{"line":95,"column":8},"end":{"line":95,"column":68}},"22":{"start":{"line":108,"column":8},"end":{"line":108,"column":64}},"23":{"start":{"line":110,"column":8},"end":{"line":110,"column":63}},"24":{"start":{"line":113,"column":8},"end":{"line":113,"column":4007}},"25":{"start":{"line":117,"column":8},"end":{"line":117,"column":23}},"26":{"start":{"line":130,"column":8},"end":{"line":130,"column":63}},"27":{"start":{"line":131,"column":8},"end":{"line":131,"column":53}}},"branchMap":{"1":{"line":40,"type":"if","locations":[{"start":{"line":40,"column":8},"end":{"line":40,"column":8}},{"start":{"line":40,"column":8},"end":{"line":40,"column":8}}]},"2":{"line":41,"type":"if","locations":[{"start":{"line":41,"column":8},"end":{"line":41,"column":8}},{"start":{"line":41,"column":8},"end":{"line":41,"column":8}}]},"3":{"line":42,"type":"if","locations":[{"start":{"line":42,"column":8},"end":{"line":42,"column":8}},{"start":{"line":42,"column":8},"end":{"line":42,"column":8}}]},"4":{"line":49,"type":"if","locations":[{"start":{"line":49,"column":12},"end":{"line":49,"column":12}},{"start":{"line":49,"column":12},"end":{"line":49,"column":12}}]},"5":{"line":75,"type":"if","locations":[{"start":{"line":75,"column":8},"end":{"line":75,"column":8}},{"start":{"line":75,"column":8},"end":{"line":75,"column":8}}]},"6":{"line":76,"type":"if","locations":[{"start":{"line":76,"column":8},"end":{"line":76,"column":8}},{"start":{"line":76,"column":8},"end":{"line":76,"column":8}}]},"7":{"line":77,"type":"if","locations":[{"start":{"line":77,"column":8},"end":{"line":77,"column":8}},{"start":{"line":77,"column":8},"end":{"line":77,"column":8}}]},"8":{"line":84,"type":"if","locations":[{"start":{"line":84,"column":12},"end":{"line":84,"column":12}},{"start":{"line":84,"column":12},"end":{"line":84,"column":12}}]},"9":{"line":88,"type":"if","locations":[{"start":{"line":88,"column":8},"end":{"line":88,"column":8}},{"start":{"line":88,"column":8},"end":{"line":88,"column":8}}]},"10":{"line":108,"type":"if","locations":[{"start":{"line":108,"column":8},"end":{"line":108,"column":8}},{"start":{"line":108,"column":8},"end":{"line":108,"column":8}}]}}},"contracts/ShadowChatFactory.sol":{"l":{"28":12,"29":12,"32":12,"33":36,"36":12,"44":37,"45":37,"47":37,"55":1,"56":1,"57":1,"59":1,"69":8,"71":8,"72":8,"80":1,"82":1,"83":1,"86":1,"94":1,"96":1,"97":3,"106":1,"108":1,"109":3,"117":2,"118":6,"126":1,"127":3,"142":1,"143":3,"144":3,"146":3,"147":3,"148":3},"path":"/workspaces/contract/contracts/ShadowChatFactory.sol","s":{"1":12,"2":36,"3":37,"4":37,"5":1,"6":1,"7":1,"8":8,"9":8,"10":8,"11":1,"12":1,"13":1,"14":1,"15":3,"16":1,"17":3,"18":2,"19":6,"20":1,"21":3,"22":1,"23":3,"24":3},"b":{"1":[1,1],"2":[8,0],"3":[1,1],"4":[1,0],"5":[2,1],"6":[1,0]},"f":{"1":12,"2":37,"3":1,"4":8,"5":1,"6":1,"7":1,"8":2,"9":1,"10":1},"fnMap":{"1":{"name":"constructor","line":27,"loc":{"start":{"line":23,"column":4},"end":{"line":37,"column":4}}},"2":{"name":"_deployShard","line":43,"loc":{"start":{"line":43,"column":4},"end":{"line":48,"column":4}}},"3":{"name":"addShard","line":54,"loc":{"start":{"line":54,"column":4},"end":{"line":60,"column":4}}},"4":{"name":"getShardForReceiver","line":68,"loc":{"start":{"line":68,"column":4},"end":{"line":73,"column":4}}},"5":{"name":"getAllShards","line":79,"loc":{"start":{"line":79,"column":4},"end":{"line":87,"column":4}}},"6":{"name":"updateMessageFeeAllShards","line":93,"loc":{"start":{"line":93,"column":4},"end":{"line":99,"column":4}}},"7":{"name":"updateWithdrawalFeeAllShards","line":105,"loc":{"start":{"line":105,"column":4},"end":{"line":111,"column":4}}},"8":{"name":"pauseAllShards","line":116,"loc":{"start":{"line":116,"column":4},"end":{"line":120,"column":4}}},"9":{"name":"unpauseAllShards","line":125,"loc":{"start":{"line":125,"column":4},"end":{"line":129,"column":4}}},"10":{"name":"getAggregatedStats","line":137,"loc":{"start":{"line":137,"column":4},"end":{"line":150,"column":4}}}},"statementMap":{"1":{"start":{"line":32,"column":8},"end":{"line":32,"column":979}},"2":{"start":{"line":33,"column":12},"end":{"line":33,"column":26}},"3":{"start":{"line":44,"column":8},"end":{"line":44,"column":68}},"4":{"start":{"line":47,"column":8},"end":{"line":47,"column":51}},"5":{"start":{"line":55,"column":8},"end":{"line":55,"column":37}},"6":{"start":{"line":56,"column":8},"end":{"line":56,"column":28}},"7":{"start":{"line":59,"column":8},"end":{"line":59,"column":22}},"8":{"start":{"line":69,"column":8},"end":{"line":69,"column":54}},"9":{"start":{"line":71,"column":8},"end":{"line":71,"column":61}},"10":{"start":{"line":72,"column":8},"end":{"line":72,"column":41}},"11":{"start":{"line":80,"column":8},"end":{"line":80,"column":63}},"12":{"start":{"line":82,"column":8},"end":{"line":82,"column":2543}},"13":{"start":{"line":86,"column":8},"end":{"line":86,"column":24}},"14":{"start":{"line":96,"column":8},"end":{"line":96,"column":2908}},"15":{"start":{"line":97,"column":12},"end":{"line":97,"column":57}},"16":{"start":{"line":108,"column":8},"end":{"line":108,"column":3272}},"17":{"start":{"line":109,"column":12},"end":{"line":109,"column":60}},"18":{"start":{"line":117,"column":8},"end":{"line":117,"column":3503}},"19":{"start":{"line":118,"column":12},"end":{"line":118,"column":40}},"20":{"start":{"line":126,"column":8},"end":{"line":126,"column":3718}},"21":{"start":{"line":127,"column":12},"end":{"line":127,"column":42}},"22":{"start":{"line":142,"column":8},"end":{"line":142,"column":4287}},"23":{"start":{"line":143,"column":12},"end":{"line":143,"column":52}},"24":{"start":{"line":144,"column":12},"end":{"line":144,"column":83}}},"branchMap":{"1":{"line":54,"type":"if","locations":[{"start":{"line":54,"column":33},"end":{"line":54,"column":33}},{"start":{"line":54,"column":33},"end":{"line":54,"column":33}}]},"2":{"line":69,"type":"if","locations":[{"start":{"line":69,"column":8},"end":{"line":69,"column":8}},{"start":{"line":69,"column":8},"end":{"line":69,"column":8}}]},"3":{"line":93,"type":"if","locations":[{"start":{"line":93,"column":64},"end":{"line":93,"column":64}},{"start":{"line":93,"column":64},"end":{"line":93,"column":64}}]},"4":{"line":105,"type":"if","locations":[{"start":{"line":105,"column":67},"end":{"line":105,"column":67}},{"start":{"line":105,"column":67},"end":{"line":105,"column":67}}]},"5":{"line":116,"type":"if","locations":[{"start":{"line":116,"column":39},"end":{"line":116,"column":39}},{"start":{"line":116,"column":39},"end":{"line":116,"column":39}}]},"6":{"line":125,"type":"if","locations":[{"start":{"line":125,"column":41},"end":{"line":125,"column":41}},{"start":{"line":125,"column":41},"end":{"line":125,"column":41}}]}}},"contracts/ShadowChatRegistry.sol":{"l":{"34":0,"48":0,"49":0,"50":0,"52":0,"53":0,"56":0,"57":0,"58":0,"59":0,"60":0,"61":0,"64":0,"65":0,"67":0,"68":0,"69":0,"70":0,"75":0,"83":0,"84":0,"86":0,"95":0,"104":0,"105":0,"107":0,"110":0,"111":0,"114":0,"128":0,"129":0,"132":0,"133":0,"148":0,"149":0,"150":0,"151":0,"153":0,"155":0,"158":0,"159":0,"162":0,"166":0,"167":0,"168":0,"171":0,"174":0,"175":0,"176":0,"179":0,"181":0,"193":0,"194":0,"195":0,"196":0,"198":0,"199":0,"202":0,"211":0,"212":0,"214":0,"218":0,"220":0,"229":0,"245":0,"253":0,"260":0,"267":0,"275":0,"277":0,"278":0,"280":0,"281":0,"290":0,"291":0,"294":0,"295":0,"299":0,"300":0,"301":0,"307":0,"311":0},"path":"/workspaces/contract/contracts/ShadowChatRegistry.sol","s":{"1":0,"2":0,"3":0,"4":0,"5":0,"6":0,"7":0,"8":0,"9":0,"10":0,"11":0,"12":0,"13":0,"14":0,"15":0,"16":0,"17":0,"18":0,"19":0,"20":0,"21":0,"22":0,"23":0,"24":0,"25":0,"26":0,"27":0,"28":0,"29":0,"30":0,"31":0,"32":0,"33":0,"34":0,"35":0,"36":0,"37":0,"38":0,"39":0,"40":0,"41":0,"42":0,"43":0,"44":0,"45":0,"46":0,"47":0,"48":0,"49":0,"50":0,"51":0,"52":0,"53":0,"54":0,"55":0,"56":0,"57":0,"58":0,"59":0},"b":{"1":[0,0],"2":[0,0],"3":[0,0],"4":[0,0],"5":[0,0],"6":[0,0],"7":[0,0],"8":[0,0],"9":[0,0],"10":[0,0],"11":[0,0],"12":[0,0],"13":[0,0],"14":[0,0],"15":[0,0],"16":[0,0],"17":[0,0],"18":[0,0],"19":[0,0],"20":[0,0],"21":[0,0],"22":[0,0],"23":[0,0],"24":[0,0],"25":[0,0],"26":[0,0],"27":[0,0],"28":[0,0],"29":[0,0],"30":[0,0],"31":[0,0],"32":[0,0],"33":[0,0],"34":[0,0],"35":[0,0],"36":[0,0],"37":[0,0],"38":[0,0],"39":[0,0],"40":[0,0],"41":[0,0],"42":[0,0],"43":[0,0],"44":[0,0],"45":[0,0],"46":[0,0],"47":[0,0]},"f":{"1":0,"2":0,"3":0,"4":0,"5":0,"6":0,"7":0,"8":0,"9":0,"10":0,"11":0,"12":0,"13":0,"14":0},"fnMap":{"1":{"name":"constructor","line":33,"loc":{"start":{"line":33,"column":4},"end":{"line":35,"column":4}}},"2":{"name":"registerReceiverHash","line":47,"loc":{"start":{"line":43,"column":4},"end":{"line":87,"column":4}}},"3":{"name":"getReceiverHashByAddress","line":94,"loc":{"start":{"line":94,"column":4},"end":{"line":96,"column":4}}},"4":{"name":"getReceiverHashByAlias","line":103,"loc":{"start":{"line":103,"column":4},"end":{"line":115,"column":4}}},"5":{"name":"getReceiverHashInfo","line":122,"loc":{"start":{"line":122,"column":4},"end":{"line":135,"column":4}}},"6":{"name":"updateVisibility","line":147,"loc":{"start":{"line":143,"column":4},"end":{"line":182,"column":4}}},"7":{"name":"updateReceiverHash","line":192,"loc":{"start":{"line":189,"column":4},"end":{"line":221,"column":4}}},"8":{"name":"isAliasAvailable","line":228,"loc":{"start":{"line":228,"column":4},"end":{"line":230,"column":4}}},"9":{"name":"getStats","line":238,"loc":{"start":{"line":238,"column":4},"end":{"line":246,"column":4}}},"10":{"name":"updateRegistrationFee","line":252,"loc":{"start":{"line":252,"column":4},"end":{"line":254,"column":4}}},"11":{"name":"pause","line":259,"loc":{"start":{"line":259,"column":4},"end":{"line":261,"column":4}}},"12":{"name":"unpause","line":266,"loc":{"start":{"line":266,"column":4},"end":{"line":268,"column":4}}},"13":{"name":"withdrawFees","line":274,"loc":{"start":{"line":274,"column":4},"end":{"line":282,"column":4}}},"14":{"name":"_isValidAlias","line":289,"loc":{"start":{"line":289,"column":4},"end":{"line":312,"column":4}}}},"statementMap":{"1":{"start":{"line":48,"column":8},"end":{"line":48,"column":77}},"2":{"start":{"line":49,"column":8},"end":{"line":49,"column":91}},"3":{"start":{"line":50,"column":8},"end":{"line":50,"column":108}},"4":{"start":{"line":52,"column":8},"end":{"line":52,"column":79}},"5":{"start":{"line":53,"column":8},"end":{"line":53,"column":89}},"6":{"start":{"line":56,"column":8},"end":{"line":56,"column":2557}},"7":{"start":{"line":57,"column":12},"end":{"line":57,"column":90}},"8":{"start":{"line":58,"column":12},"end":{"line":58,"column":68}},"9":{"start":{"line":59,"column":12},"end":{"line":59,"column":87}},"10":{"start":{"line":64,"column":12},"end":{"line":64,"column":106}},"11":{"start":{"line":67,"column":12},"end":{"line":67,"column":3315}},"12":{"start":{"line":68,"column":16},"end":{"line":68,"column":72}},"13":{"start":{"line":69,"column":16},"end":{"line":69,"column":91}},"14":{"start":{"line":86,"column":8},"end":{"line":86,"column":82}},"15":{"start":{"line":95,"column":8},"end":{"line":95,"column":50}},"16":{"start":{"line":104,"column":8},"end":{"line":104,"column":61}},"17":{"start":{"line":105,"column":8},"end":{"line":105,"column":61}},"18":{"start":{"line":107,"column":8},"end":{"line":107,"column":69}},"19":{"start":{"line":110,"column":8},"end":{"line":110,"column":5106}},"20":{"start":{"line":111,"column":12},"end":{"line":111,"column":98}},"21":{"start":{"line":114,"column":8},"end":{"line":114,"column":27}},"22":{"start":{"line":129,"column":8},"end":{"line":129,"column":53}},"23":{"start":{"line":132,"column":8},"end":{"line":132,"column":5813}},"24":{"start":{"line":148,"column":8},"end":{"line":148,"column":70}},"25":{"start":{"line":149,"column":8},"end":{"line":149,"column":53}},"26":{"start":{"line":150,"column":8},"end":{"line":150,"column":57}},"27":{"start":{"line":151,"column":8},"end":{"line":151,"column":72}},"28":{"start":{"line":153,"column":8},"end":{"line":153,"column":6644}},"29":{"start":{"line":155,"column":12},"end":{"line":155,"column":106}},"30":{"start":{"line":166,"column":12},"end":{"line":166,"column":90}},"31":{"start":{"line":167,"column":12},"end":{"line":167,"column":68}},"32":{"start":{"line":168,"column":12},"end":{"line":168,"column":87}},"33":{"start":{"line":181,"column":8},"end":{"line":181,"column":71}},"34":{"start":{"line":193,"column":8},"end":{"line":193,"column":76}},"35":{"start":{"line":194,"column":8},"end":{"line":194,"column":56}},"36":{"start":{"line":195,"column":8},"end":{"line":195,"column":60}},"37":{"start":{"line":196,"column":8},"end":{"line":196,"column":94}},"38":{"start":{"line":198,"column":8},"end":{"line":198,"column":85}},"39":{"start":{"line":199,"column":8},"end":{"line":199,"column":96}},"40":{"start":{"line":211,"column":8},"end":{"line":211,"column":9081}},"41":{"start":{"line":220,"column":8},"end":{"line":220,"column":96}},"42":{"start":{"line":229,"column":8},"end":{"line":229,"column":87}},"43":{"start":{"line":245,"column":8},"end":{"line":245,"column":41}},"44":{"start":{"line":260,"column":8},"end":{"line":260,"column":15}},"45":{"start":{"line":267,"column":8},"end":{"line":267,"column":17}},"46":{"start":{"line":275,"column":8},"end":{"line":275,"column":61}},"47":{"start":{"line":277,"column":8},"end":{"line":277,"column":47}},"48":{"start":{"line":278,"column":8},"end":{"line":278,"column":50}},"49":{"start":{"line":280,"column":8},"end":{"line":280,"column":54}},"50":{"start":{"line":281,"column":8},"end":{"line":281,"column":48}},"51":{"start":{"line":290,"column":8},"end":{"line":290,"column":50}},"52":{"start":{"line":291,"column":8},"end":{"line":291,"column":42}},"53":{"start":{"line":294,"column":8},"end":{"line":294,"column":11884}},"54":{"start":{"line":295,"column":12},"end":{"line":295,"column":24}},"55":{"start":{"line":299,"column":8},"end":{"line":299,"column":12072}},"56":{"start":{"line":300,"column":12},"end":{"line":300,"column":39}},"57":{"start":{"line":301,"column":12},"end":{"line":301,"column":12168}},"58":{"start":{"line":307,"column":16},"end":{"line":307,"column":28}},"59":{"start":{"line":311,"column":8},"end":{"line":311,"column":19}}},"branchMap":{"1":{"line":47,"type":"if","locations":[{"start":{"line":47,"column":32},"end":{"line":47,"column":32}},{"start":{"line":47,"column":32},"end":{"line":47,"column":32}}]},"2":{"line":47,"type":"if","locations":[{"start":{"line":47,"column":45},"end":{"line":47,"column":45}},{"start":{"line":47,"column":45},"end":{"line":47,"column":45}}]},"3":{"line":48,"type":"if","locations":[{"start":{"line":48,"column":8},"end":{"line":48,"column":8}},{"start":{"line":48,"column":8},"end":{"line":48,"column":8}}]},"4":{"line":49,"type":"if","locations":[{"start":{"line":49,"column":8},"end":{"line":49,"column":8}},{"start":{"line":49,"column":8},"end":{"line":49,"column":8}}]},"5":{"line":50,"type":"if","locations":[{"start":{"line":50,"column":8},"end":{"line":50,"column":8}},{"start":{"line":50,"column":8},"end":{"line":50,"column":8}}]},"6":{"line":53,"type":"if","locations":[{"start":{"line":53,"column":8},"end":{"line":53,"column":8}},{"start":{"line":53,"column":8},"end":{"line":53,"column":8}}]},"7":{"line":56,"type":"if","locations":[{"start":{"line":56,"column":8},"end":{"line":56,"column":8}},{"start":{"line":56,"column":8},"end":{"line":56,"column":8}}]},"8":{"line":57,"type":"if","locations":[{"start":{"line":57,"column":12},"end":{"line":57,"column":12}},{"start":{"line":57,"column":12},"end":{"line":57,"column":12}}]},"9":{"line":58,"type":"if","locations":[{"start":{"line":58,"column":12},"end":{"line":58,"column":12}},{"start":{"line":58,"column":12},"end":{"line":58,"column":12}}]},"10":{"line":59,"type":"if","locations":[{"start":{"line":59,"column":12},"end":{"line":59,"column":12}},{"start":{"line":59,"column":12},"end":{"line":59,"column":12}}]},"11":{"line":64,"type":"if","locations":[{"start":{"line":64,"column":12},"end":{"line":64,"column":12}},{"start":{"line":64,"column":12},"end":{"line":64,"column":12}}]},"12":{"line":67,"type":"if","locations":[{"start":{"line":67,"column":12},"end":{"line":67,"column":12}},{"start":{"line":67,"column":12},"end":{"line":67,"column":12}}]},"13":{"line":68,"type":"if","locations":[{"start":{"line":68,"column":16},"end":{"line":68,"column":16}},{"start":{"line":68,"column":16},"end":{"line":68,"column":16}}]},"14":{"line":69,"type":"if","locations":[{"start":{"line":69,"column":16},"end":{"line":69,"column":16}},{"start":{"line":69,"column":16},"end":{"line":69,"column":16}}]},"15":{"line":105,"type":"if","locations":[{"start":{"line":105,"column":8},"end":{"line":105,"column":8}},{"start":{"line":105,"column":8},"end":{"line":105,"column":8}}]},"16":{"line":110,"type":"if","locations":[{"start":{"line":110,"column":8},"end":{"line":110,"column":8}},{"start":{"line":110,"column":8},"end":{"line":110,"column":8}}]},"17":{"line":111,"type":"if","locations":[{"start":{"line":111,"column":12},"end":{"line":111,"column":12}},{"start":{"line":111,"column":12},"end":{"line":111,"column":12}}]},"18":{"line":129,"type":"if","locations":[{"start":{"line":129,"column":8},"end":{"line":129,"column":8}},{"start":{"line":129,"column":8},"end":{"line":129,"column":8}}]},"19":{"line":132,"type":"if","locations":[{"start":{"line":132,"column":8},"end":{"line":132,"column":8}},{"start":{"line":132,"column":8},"end":{"line":132,"column":8}}]},"20":{"line":147,"type":"if","locations":[{"start":{"line":147,"column":24},"end":{"line":147,"column":24}},{"start":{"line":147,"column":24},"end":{"line":147,"column":24}}]},"21":{"line":147,"type":"if","locations":[{"start":{"line":147,"column":37},"end":{"line":147,"column":37}},{"start":{"line":147,"column":37},"end":{"line":147,"column":37}}]},"22":{"line":149,"type":"if","locations":[{"start":{"line":149,"column":8},"end":{"line":149,"column":8}},{"start":{"line":149,"column":8},"end":{"line":149,"column":8}}]},"23":{"line":150,"type":"if","locations":[{"start":{"line":150,"column":8},"end":{"line":150,"column":8}},{"start":{"line":150,"column":8},"end":{"line":150,"column":8}}]},"24":{"line":151,"type":"if","locations":[{"start":{"line":151,"column":8},"end":{"line":151,"column":8}},{"start":{"line":151,"column":8},"end":{"line":151,"column":8}}]},"25":{"line":153,"type":"if","locations":[{"start":{"line":153,"column":8},"end":{"line":153,"column":8}},{"start":{"line":153,"column":8},"end":{"line":153,"column":8}}]},"26":{"line":155,"type":"if","locations":[{"start":{"line":155,"column":12},"end":{"line":155,"column":12}},{"start":{"line":155,"column":12},"end":{"line":155,"column":12}}]},"27":{"line":166,"type":"if","locations":[{"start":{"line":166,"column":12},"end":{"line":166,"column":12}},{"start":{"line":166,"column":12},"end":{"line":166,"column":12}}]},"28":{"line":167,"type":"if","locations":[{"start":{"line":167,"column":12},"end":{"line":167,"column":12}},{"start":{"line":167,"column":12},"end":{"line":167,"column":12}}]},"29":{"line":168,"type":"if","locations":[{"start":{"line":168,"column":12},"end":{"line":168,"column":12}},{"start":{"line":168,"column":12},"end":{"line":168,"column":12}}]},"30":{"line":192,"type":"if","locations":[{"start":{"line":192,"column":24},"end":{"line":192,"column":24}},{"start":{"line":192,"column":24},"end":{"line":192,"column":24}}]},"31":{"line":192,"type":"if","locations":[{"start":{"line":192,"column":37},"end":{"line":192,"column":37}},{"start":{"line":192,"column":37},"end":{"line":192,"column":37}}]},"32":{"line":194,"type":"if","locations":[{"start":{"line":194,"column":8},"end":{"line":194,"column":8}},{"start":{"line":194,"column":8},"end":{"line":194,"column":8}}]},"33":{"line":195,"type":"if","locations":[{"start":{"line":195,"column":8},"end":{"line":195,"column":8}},{"start":{"line":195,"column":8},"end":{"line":195,"column":8}}]},"34":{"line":196,"type":"if","locations":[{"start":{"line":196,"column":8},"end":{"line":196,"column":8}},{"start":{"line":196,"column":8},"end":{"line":196,"column":8}}]},"35":{"line":199,"type":"if","locations":[{"start":{"line":199,"column":8},"end":{"line":199,"column":8}},{"start":{"line":199,"column":8},"end":{"line":199,"column":8}}]},"36":{"line":211,"type":"if","locations":[{"start":{"line":211,"column":8},"end":{"line":211,"column":8}},{"start":{"line":211,"column":8},"end":{"line":211,"column":8}}]},"37":{"line":252,"type":"if","locations":[{"start":{"line":252,"column":60},"end":{"line":252,"column":60}},{"start":{"line":252,"column":60},"end":{"line":252,"column":60}}]},"38":{"line":259,"type":"if","locations":[{"start":{"line":259,"column":30},"end":{"line":259,"column":30}},{"start":{"line":259,"column":30},"end":{"line":259,"column":30}}]},"39":{"line":266,"type":"if","locations":[{"start":{"line":266,"column":32},"end":{"line":266,"column":32}},{"start":{"line":266,"column":32},"end":{"line":266,"column":32}}]},"40":{"line":274,"type":"if","locations":[{"start":{"line":274,"column":55},"end":{"line":274,"column":55}},{"start":{"line":274,"column":55},"end":{"line":274,"column":55}}]},"41":{"line":274,"type":"if","locations":[{"start":{"line":274,"column":65},"end":{"line":274,"column":65}},{"start":{"line":274,"column":65},"end":{"line":274,"column":65}}]},"42":{"line":275,"type":"if","locations":[{"start":{"line":275,"column":8},"end":{"line":275,"column":8}},{"start":{"line":275,"column":8},"end":{"line":275,"column":8}}]},"43":{"line":278,"type":"if","locations":[{"start":{"line":278,"column":8},"end":{"line":278,"column":8}},{"start":{"line":278,"column":8},"end":{"line":278,"column":8}}]},"44":{"line":281,"type":"if","locations":[{"start":{"line":281,"column":8},"end":{"line":281,"column":8}},{"start":{"line":281,"column":8},"end":{"line":281,"column":8}}]},"45":{"line":294,"type":"if","locations":[{"start":{"line":294,"column":8},"end":{"line":294,"column":8}},{"start":{"line":294,"column":8},"end":{"line":294,"column":8}}]},"46":{"line":294,"type":"cond-expr","locations":[{"start":{"line":294,"column":12},"end":{"line":294,"column":36}},{"start":{"line":294,"column":41},"end":{"line":294,"column":65}}]},"47":{"line":301,"type":"if","locations":[{"start":{"line":301,"column":12},"end":{"line":301,"column":12}},{"start":{"line":301,"column":12},"end":{"line":301,"column":12}}]}}},"contracts/ShadowChatUtils.sol":{"l":{"21":0,"22":0,"31":11,"34":11,"37":10,"39":10,"52":6,"53":6,"66":6,"69":6,"70":0,"74":6,"75":6,"76":6,"77":6,"78":6,"82":6,"96":10,"99":10,"100":0,"102":0,"104":0,"107":10},"path":"/workspaces/contract/contracts/ShadowChatUtils.sol","s":{"1":0,"2":0,"3":11,"4":11,"5":1,"6":10,"7":0,"8":10,"9":6,"10":6,"11":6,"12":6,"13":0,"14":6,"15":6,"16":6,"17":6,"18":10,"19":10,"20":0,"21":10,"22":0,"23":10,"24":0,"25":10},"b":{"1":[0,0],"2":[1,10],"3":[0,10],"4":[6,0],"5":[0,6],"6":[0,0],"7":[6,0],"8":[0,10],"9":[0,10],"10":[0,10]},"f":{"1":0,"2":11,"3":6,"4":6,"5":10},"fnMap":{"1":{"name":"getShardId","line":16,"loc":{"start":{"line":16,"column":4},"end":{"line":23,"column":4}}},"2":{"name":"isValidMessageContent","line":30,"loc":{"start":{"line":30,"column":4},"end":{"line":40,"column":4}}},"3":{"name":"generateReceiverHash","line":47,"loc":{"start":{"line":47,"column":4},"end":{"line":54,"column":4}}},"4":{"name":"isValidSecretCode","line":61,"loc":{"start":{"line":61,"column":4},"end":{"line":83,"column":4}}},"5":{"name":"calculateMessageFee","line":91,"loc":{"start":{"line":91,"column":4},"end":{"line":108,"column":4}}}},"statementMap":{"1":{"start":{"line":21,"column":8},"end":{"line":21,"column":70}},"2":{"start":{"line":22,"column":8},"end":{"line":22,"column":50}},"3":{"start":{"line":31,"column":8},"end":{"line":31,"column":50}},"4":{"start":{"line":34,"column":8},"end":{"line":34,"column":50}},"5":{"start":{"line":34,"column":38},"end":{"line":34,"column":50}},"6":{"start":{"line":37,"column":8},"end":{"line":37,"column":52}},"7":{"start":{"line":37,"column":40},"end":{"line":37,"column":52}},"8":{"start":{"line":39,"column":8},"end":{"line":39,"column":19}},"9":{"start":{"line":52,"column":8},"end":{"line":52,"column":70}},"10":{"start":{"line":53,"column":8},"end":{"line":53,"column":54}},"11":{"start":{"line":66,"column":8},"end":{"line":66,"column":50}},"12":{"start":{"line":69,"column":8},"end":{"line":69,"column":2076}},"13":{"start":{"line":70,"column":12},"end":{"line":70,"column":24}},"14":{"start":{"line":74,"column":8},"end":{"line":74,"column":33}},"15":{"start":{"line":75,"column":8},"end":{"line":75,"column":2273}},"16":{"start":{"line":76,"column":12},"end":{"line":76,"column":2338}},"17":{"start":{"line":82,"column":8},"end":{"line":82,"column":27}},"18":{"start":{"line":96,"column":8},"end":{"line":96,"column":53}},"19":{"start":{"line":99,"column":8},"end":{"line":99,"column":2996}},"20":{"start":{"line":100,"column":12},"end":{"line":100,"column":38}},"21":{"start":{"line":101,"column":15},"end":{"line":101,"column":3110}},"22":{"start":{"line":102,"column":12},"end":{"line":102,"column":38}},"23":{"start":{"line":103,"column":15},"end":{"line":103,"column":3220}},"24":{"start":{"line":104,"column":12},"end":{"line":104,"column":38}},"25":{"start":{"line":107,"column":8},"end":{"line":107,"column":22}}},"branchMap":{"1":{"line":21,"type":"if","locations":[{"start":{"line":21,"column":8},"end":{"line":21,"column":8}},{"start":{"line":21,"column":8},"end":{"line":21,"column":8}}]},"2":{"line":34,"type":"if","locations":[{"start":{"line":34,"column":8},"end":{"line":34,"column":8}},{"start":{"line":34,"column":8},"end":{"line":34,"column":8}}]},"3":{"line":37,"type":"if","locations":[{"start":{"line":37,"column":8},"end":{"line":37,"column":8}},{"start":{"line":37,"column":8},"end":{"line":37,"column":8}}]},"4":{"line":52,"type":"if","locations":[{"start":{"line":52,"column":8},"end":{"line":52,"column":8}},{"start":{"line":52,"column":8},"end":{"line":52,"column":8}}]},"5":{"line":69,"type":"if","locations":[{"start":{"line":69,"column":8},"end":{"line":69,"column":8}},{"start":{"line":69,"column":8},"end":{"line":69,"column":8}}]},"6":{"line":69,"type":"cond-expr","locations":[{"start":{"line":69,"column":12},"end":{"line":69,"column":31}},{"start":{"line":69,"column":36},"end":{"line":69,"column":56}}]},"7":{"line":76,"type":"if","locations":[{"start":{"line":76,"column":12},"end":{"line":76,"column":12}},{"start":{"line":76,"column":12},"end":{"line":76,"column":12}}]},"8":{"line":99,"type":"if","locations":[{"start":{"line":99,"column":8},"end":{"line":99,"column":8}},{"start":{"line":99,"column":8},"end":{"line":99,"column":8}}]},"9":{"line":101,"type":"if","locations":[{"start":{"line":101,"column":15},"end":{"line":101,"column":15}},{"start":{"line":101,"column":15},"end":{"line":101,"column":15}}]},"10":{"line":103,"type":"if","locations":[{"start":{"line":103,"column":15},"end":{"line":103,"column":15}},{"start":{"line":103,"column":15},"end":{"line":103,"column":15}}]}}}}